<?xml version="1.0" encoding="UTF-8"?>
<!-- Generated by org.testng.reporters.JUnitReportReporter -->
<testsuite hostname="Shubham" failures="0" tests="1" name="mavenPractice.ecommerceUITest" time="9.522" errors="0" timestamp="2025-03-21T02:54:29 IST" skipped="0">
  <testcase classname="mavenPractice.ecommerceUITest" name="createOrder" time="9.522"/>
</testsuite> <!-- mavenPractice.ecommerceUITest -->
