<?xml version="1.0" encoding="UTF-8"?>
<!-- Generated by org.testng.reporters.JUnitReportReporter -->
<testsuite hostname="Shubham" failures="0" tests="2" name="mavenPractice.errorValidationTest" time="7.341" errors="0" timestamp="2025-03-24T02:10:47 IST" skipped="0">
  <testcase classname="mavenPractice.errorValidationTest" name="errorValidation" time="3.500"/>
  <testcase classname="mavenPractice.errorValidationTest" name="correctCredential" time="3.841"/>
</testsuite> <!-- mavenPractice.errorValidationTest -->
