<?xml version="1.0" encoding="UTF-8"?>
<!-- Generated by org.testng.reporters.JUnitReportReporter -->
<testsuite hostname="Shubham" failures="0" tests="2" name="mavenPractice.errorValidationTest" time="10.281" errors="0" timestamp="2025-04-08T03:25:09 IST" skipped="0">
  <testcase classname="mavenPractice.errorValidationTest" name="errorValidation" time="4.163"/>
  <testcase classname="mavenPractice.errorValidationTest" name="correctCredential" time="6.118"/>
</testsuite> <!-- mavenPractice.errorValidationTest -->
