<?xml version="1.0" encoding="UTF-8"?>
<!-- Generated by org.testng.reporters.JUnitReportReporter -->
<testsuite hostname="Shubham" failures="0" tests="2" name="mavenPractice.errorValidationTest" time="9.465" errors="0" timestamp="2025-04-03T00:50:39 IST" skipped="0">
  <testcase classname="mavenPractice.errorValidationTest" name="errorValidation" time="6.054"/>
  <testcase classname="mavenPractice.errorValidationTest" name="correctCredential" time="3.411"/>
</testsuite> <!-- mavenPractice.errorValidationTest -->
