<?xml version="1.0" encoding="UTF-8"?>
<!-- Generated by org.testng.reporters.JUnitReportReporter -->
<testsuite hostname="Shubham" failures="0" tests="3" name="Test.testThree" time="0.015" errors="0" timestamp="2025-03-16T23:42:04 IST" skipped="0">
  <testcase classname="Test.testThree" name="carLoanWebLogin" time="0.004"/>
  <testcase classname="Test.testThree" name="carLoanMobileLogin" time="0.006"/>
  <testcase classname="Test.testThree" name="carLoanApiLogin" time="0.005"/>
</testsuite> <!-- Test.testThree -->
