<?xml version="1.0" encoding="UTF-8"?>
<!-- Generated by org.testng.reporters.JUnitReportReporter -->
<testsuite hostname="Shubham" failures="0" tests="3" name="Test.testTwo" time="0.009" errors="0" timestamp="2025-03-15T19:09:24 IST" skipped="0">
  <testcase classname="Test.testTwo" name="groupTest" time="0.004"/>
  <testcase classname="Test.testTwo" name="carLoan" time="0.003"/>
  <testcase classname="Test.testTwo" name="adependentTest" time="0.002"/>
</testsuite> <!-- Test.testTwo -->
