<?xml version="1.0" encoding="UTF-8"?>
<!-- Generated by org.testng.reporters.JUnitReportReporter -->
<testsuite hostname="Shubham" failures="0" tests="3" name="Test.testFour" time="0.006" errors="0" timestamp="2025-03-15T19:09:24 IST" skipped="0">
  <testcase classname="Test.testFour" name="homeLoanMobileLogin" time="0.002"/>
  <testcase classname="Test.testFour" name="homeLoanApiLogin" time="0.002"/>
  <testcase classname="Test.testFour" name="homeLoanwebLogn" time="0.002"/>
</testsuite> <!-- Test.testFour -->
