<?xml version="1.0" encoding="UTF-8"?>
<!-- Generated by org.testng.reporters.JUnitReportReporter -->
<testsuite hostname="Shubham" failures="0" tests="1" name="Test.testOne" time="0.009" errors="0" timestamp="2025-03-16T23:42:04 IST" skipped="0">
  <testcase classname="Test.testOne" name="test" time="0.009"/>
</testsuite> <!-- Test.testOne -->
