<?xml version="1.0" encoding="UTF-8"?>
<!-- Generated by org.testng.reporters.JUnitReportReporter -->
<testsuite hostname="Shubham" failures="0" tests="1" name="Test.testOne" time="0.013" errors="0" timestamp="2025-03-15T19:09:24 IST" skipped="0">
  <testcase classname="Test.testOne" name="test" time="0.013"/>
</testsuite> <!-- Test.testOne -->
