<?xml version="1.0" encoding="UTF-8"?>
<!-- Generated by org.testng.reporters.JUnitReportReporter -->
<testsuite hostname="Shubham" failures="0" tests="5" name="Test.testTwo" time="0.011" errors="0" timestamp="2025-03-17T00:16:00 IST" skipped="0">
  <testcase classname="Test.testTwo" name="groupTest" time="0.002"/>
  <testcase classname="Test.testTwo" name="carLoan" time="0.001"/>
  <testcase classname="Test.testTwo" name="carLoan" time="0.005"/>
  <testcase classname="Test.testTwo" name="carLoan" time="0.001"/>
  <testcase classname="Test.testTwo" name="adependentTest" time="0.002"/>
</testsuite> <!-- Test.testTwo -->
