<?xml version="1.0" encoding="UTF-8"?>
<!-- Generated by org.testng.reporters.JUnitReportReporter -->
<testsuite hostname="Shubham" failures="0" tests="3" name="Test.testThree" time="0.013" errors="0" timestamp="2025-03-15T19:09:24 IST" skipped="0">
  <testcase classname="Test.testThree" name="carLoanWebLogin" time="0.005"/>
  <testcase classname="Test.testThree" name="carLoanMobileLogin" time="0.005"/>
  <testcase classname="Test.testThree" name="carLoanApiLogin" time="0.003"/>
</testsuite> <!-- Test.testThree -->
