<?xml version="1.0" encoding="UTF-8"?>
<!-- Generated by org.testng.reporters.JUnitReportReporter -->
<testsuite hostname="Shubham" failures="0" tests="6" name="streamPractice" time="0.019" errors="0" timestamp="2025-03-10T18:20:28 IST" skipped="5">
  <testcase classname="streamPractice" name="uniqueNumber" time="0.019"/>
  <testcase classname="streamPractice" name="regular">
    <skipped/>
  </testcase> <!-- regular -->
  <testcase classname="streamPractice" name="mergeTwoArray">
    <skipped/>
  </testcase> <!-- mergeTwoArray -->
  <testcase classname="streamPractice" name="streamCollect">
    <skipped/>
  </testcase> <!-- streamCollect -->
  <testcase classname="streamPractice" name="streamFilter">
    <skipped/>
  </testcase> <!-- streamFilter -->
  <testcase classname="streamPractice" name="streamMap">
    <skipped/>
  </testcase> <!-- streamMap -->
</testsuite> <!-- streamPractice -->
