<?xml version="1.0" encoding="UTF-8"?>
<!-- Generated by org.testng.reporters.JUnitReportReporter -->
<testsuite hostname="Shubham" failures="0" tests="1" name="practice.streamsPractice" time="0.018" errors="0" timestamp="2025-03-10T17:12:10 IST" skipped="0">
  <testcase classname="practice.streamsPractice" name="regular" time="0.018"/>
</testsuite> <!-- practice.streamsPractice -->
