<?xml version="1.0" encoding="UTF-8"?>
<!-- Generated by org.testng.reporters.JUnitReportReporter -->
<testsuite hostname="Shubham" failures="0" tests="1" name="mavenPractice.ExtentReports.ExtentReportDemo" time="5.193" errors="0" timestamp="2025-04-08T02:11:42 IST" skipped="0">
  <testcase classname="mavenPractice.ExtentReports.ExtentReportDemo" name="initialDemo" time="5.193"/>
</testsuite> <!-- mavenPractice.ExtentReports.ExtentReportDemo -->
